19:24:21.499 INFO  assignment1.AuthorListController : Jose clicked
19:28:18.720 INFO  assignment1.AuthorListController : Jose clicked
19:29:12.081 INFO  assignment1.AuthorListController : Jose clicked
19:29:49.143 INFO  assignment1.AuthorListController : Sweetie clicked
19:31:45.100 INFO  assignment1.AuthorListController : Jose clicked
19:31:47.259 INFO  assignment1.AuthorDetailController : Saved
19:32:26.689 INFO  assignment1.AuthorListController : Author "Jose" clicked
19:33:52.094 INFO  assignment1.AuthorListController : Author "Jose B" clicked
19:33:57.788 INFO  assignment1.AuthorListController : Author "Sweetie we" clicked
19:33:59.599 INFO  assignment1.AuthorDetailController : Save button clicked
19:46:52.923 INFO  assignment1.AuthorListController : Author "Fred Carrier" clicked
19:47:18.607 INFO  assignment1.AuthorListController : Author "Fred Carrier" clicked
19:47:28.247 INFO  assignment1.AuthorListController : Author "Fred Carrier" clicked
19:49:07.345 INFO  assignment1.AuthorListController : Author "Fred Carrier" clicked
19:50:20.148 INFO  assignment1.AuthorListController : Author "Fred Carrier" clicked
19:50:42.109 INFO  assignment1.AuthorListController : Author "Fred Carrier" clicked
19:50:46.298 INFO  assignment1.AuthorListController : Author "Wendy Lehner" clicked
19:50:51.149 INFO  assignment1.AuthorListController : Author "Fred Carrier" clicked
19:50:56.237 INFO  assignment1.AuthorDetailController : Save button clicked
19:51:18.384 INFO  assignment1.AuthorListController : Author "Fred Carrier" clicked
19:51:21.834 INFO  assignment1.AuthorListController : Author "Wendy Lehner" clicked
19:52:23.831 INFO  assignment1.AuthorListController : Author "Fred Carrier" clicked
19:58:12.962 INFO  assignment1.AuthorListController : Author "Fred Carrier" clicked
19:58:24.453 INFO  assignment1.AuthorListController : Author "Fred Carrier" clicked
19:58:35.679 INFO  assignment1.AuthorListController : Author "Fred Carrier" clicked
19:58:37.740 INFO  assignment1.AuthorListController : Author "Wendy Lehner" clicked
19:59:04.020 INFO  assignment1.AuthorListController : Author "Fred Carrier" clicked
19:59:08.836 INFO  assignment1.AuthorListController : Author "Wendy Lehner" clicked
20:01:52.517 INFO  assignment1.AuthorListController : Author "Fred Carrier" clicked
20:01:59.849 INFO  assignment1.AuthorListController : Author "Fred Carrier" clicked
20:02:05.666 INFO  assignment1.AuthorListController : Author "Fred Carrier" clicked
20:02:27.420 INFO  assignment1.AuthorListController : Author "Fred Carrier" clicked
20:02:30.034 INFO  assignment1.AuthorListController : Author "Wendy Lehner" clicked
20:01:15.327 INFO  assignment1.AuthorListController : Author "Fred Carrier" double clicked
20:01:18.417 INFO  assignment1.AuthorDetailController : Save button clicked
20:01:24.468 INFO  assignment1.AuthorListController : Author "Wendy Lehner" double clicked
12:48:51.252 INFO  assignment2.AuthorListController : Author "Fred Carrier" double clicked
12:48:55.822 INFO  assignment2.AuthorListController : Author "Wendy Lehner" double clicked
12:49:04.870 INFO  assignment2.AuthorListController : Author "Fred Carrier" double clicked
12:49:07.375 INFO  assignment2.AuthorDetailController : Save button clicked
13:06:20.053 INFO  controller.AuthorListController : Author "Fred Carrier" double clicked
13:55:15.206 ERROR controller.AuthorListController : ERROR: IO Exception
13:55:18.349 ERROR controller.AuthorListController : ERROR: IO Exception
13:55:19.430 ERROR controller.AuthorListController : ERROR: IO Exception
13:58:07.681 ERROR controller.AuthorListController : ERROR: IO Exception
13:58:10.965 ERROR controller.AuthorListController : ERROR: IO Exception
13:58:12.091 ERROR controller.AuthorListController : ERROR: IO Exception
14:00:58.460 ERROR controller.AuthorListController : ERROR: IO Exception
14:01:01.371 ERROR controller.AuthorListController : ERROR: IO Exception
14:01:35.532 INFO  controller.AuthorListController : Author "Fred Carrier" double clicked
14:02:25.562 ERROR controller.AuthorListController : ERROR: IO Exception
14:02:26.547 ERROR controller.AuthorListController : ERROR: IO Exception
14:02:27.453 ERROR controller.AuthorListController : ERROR: IO Exception
14:05:53.751 INFO  controller.AuthorListController : Author "Wendy Lehner" double clicked
14:06:01.010 INFO  controller.AuthorListController : Author "Fred Carrier" double clicked
16:42:56.871 INFO  assignment2.Launcher : Creating connection...
01:02:00.863 INFO  assignment2.Launcher : Creating connection...
01:02:03.754 INFO  controller.AppController : Author list menu item clicked
01:02:15.158 INFO  controller.AppController : Author list menu item clicked
01:02:21.445 INFO  assignment2.Launcher : Closing connection...
01:02:59.924 INFO  assignment2.Launcher : Creating connection...
01:03:01.949 INFO  controller.AppController : Author list menu item clicked
01:03:03.518 INFO  controller.AuthorListController : Fred clicked
01:03:05.005 INFO  controller.AuthorDetailController : Model's name is Fred
01:03:18.479 INFO  assignment2.Launcher : Closing connection...
01:03:34.869 INFO  assignment2.Launcher : Creating connection...
01:03:37.253 INFO  controller.AppController : Author list menu item clicked
01:03:38.628 INFO  controller.AuthorListController : John clicked
01:03:42.308 INFO  controller.AppController : Author list menu item clicked
01:03:43.022 INFO  controller.AuthorListController : Mary clicked
01:03:44.371 INFO  controller.AuthorDetailController : Model's name is Mary
01:03:53.841 INFO  assignment2.Launcher : Closing connection...
01:04:11.175 INFO  assignment2.Launcher : Creating connection...
01:04:13.217 INFO  controller.AppController : Author list menu item clicked
01:04:13.844 INFO  controller.AuthorListController : John clicked
01:04:14.520 INFO  controller.AuthorDetailController : Model's name is John
01:04:31.990 INFO  assignment2.Launcher : Closing connection...
01:06:28.302 INFO  assignment2.Launcher : Creating connection...
01:06:30.518 INFO  controller.AppController : Author list menu item clicked
01:06:35.320 INFO  assignment2.Launcher : Closing connection...
01:07:06.468 INFO  assignment2.Launcher : Creating connection...
01:07:08.661 INFO  controller.AppController : Author list menu item clicked
01:07:09.418 INFO  controller.AuthorListController : John clicked
01:07:10.687 INFO  controller.AuthorDetailController : Model's name is John
01:07:14.425 INFO  assignment2.Launcher : Closing connection...
01:13:13.225 INFO  assignment2.Launcher : Creating connection...
01:13:15.320 INFO  controller.AppController : Author list menu item clicked
01:13:20.761 INFO  assignment2.Launcher : Closing connection...
01:13:48.609 INFO  assignment2.Launcher : Creating connection...
01:13:50.983 INFO  controller.AppController : Author list menu item clicked
01:13:51.902 INFO  controller.AuthorListController : John clicked
01:13:55.107 INFO  controller.AuthorDetailController : Model's name is John
01:14:21.045 INFO  assignment2.Launcher : Closing connection...
01:14:32.633 INFO  assignment2.Launcher : Creating connection...
01:14:34.675 INFO  controller.AppController : Author list menu item clicked
01:14:35.738 INFO  controller.AuthorListController : Fred clicked
01:14:37.653 INFO  controller.AuthorDetailController : Model's name is Fred
01:14:40.239 INFO  controller.AppController : Author list menu item clicked
01:14:41.652 INFO  controller.AuthorListController : John clicked
01:14:42.518 INFO  assignment2.Launcher : Closing connection...
01:14:53.475 INFO  assignment2.Launcher : Creating connection...
01:14:55.406 INFO  controller.AppController : Author list menu item clicked
01:14:58.755 INFO  assignment2.Launcher : Closing connection...
01:15:15.035 INFO  assignment2.Launcher : Creating connection...
01:15:16.967 INFO  controller.AppController : Author list menu item clicked
01:15:18.314 INFO  assignment2.Launcher : Closing connection...
01:19:10.836 INFO  assignment2.Launcher : Creating connection...
01:19:13.015 INFO  controller.AppController : Author list menu item clicked
01:19:16.333 INFO  assignment2.Launcher : Closing connection...
01:19:37.880 INFO  assignment2.Launcher : Creating connection...
01:19:39.767 INFO  controller.AppController : Author list menu item clicked
01:19:41.001 INFO  controller.AuthorListController : Fred clicked
01:19:41.854 INFO  controller.AuthorDetailController : Model's name is Fred
01:19:43.578 INFO  assignment2.Launcher : Closing connection...
01:20:43.365 INFO  assignment2.Launcher : Creating connection...
01:20:46.254 INFO  controller.AppController : Author list menu item clicked
01:20:47.583 INFO  controller.AuthorListController : Fred clicked
01:20:48.477 INFO  assignment2.Launcher : Closing connection...
01:20:54.316 INFO  assignment2.Launcher : Creating connection...
01:20:56.966 INFO  controller.AppController : Author list menu item clicked
01:20:58.371 INFO  controller.AuthorListController : Fred clicked
01:21:00.775 INFO  controller.AppController : Author list menu item clicked
01:21:01.962 INFO  controller.AuthorListController : Mary clicked
01:21:23.734 INFO  controller.AuthorDetailController : Model's name is Mary
01:21:27.118 INFO  controller.AppController : Author list menu item clicked
01:21:28.810 INFO  controller.AuthorListController : Mary clicked
01:21:31.851 INFO  controller.AppController : Author list menu item clicked
01:21:32.501 INFO  controller.AuthorListController : John clicked
01:21:38.242 INFO  controller.AppController : Author list menu item clicked
01:21:39.041 INFO  controller.AuthorListController : Fred clicked
01:21:42.330 INFO  controller.AuthorDetailController : Model's name is Fred
01:21:43.518 INFO  controller.AuthorDetailController : Model's name is Fred
01:21:45.851 INFO  controller.AppController : Author list menu item clicked
01:21:46.721 INFO  controller.AuthorListController : Fred clicked
01:22:03.962 INFO  assignment2.Launcher : Closing connection...
01:23:25.018 INFO  assignment2.Launcher : Creating connection...
01:23:29.301 INFO  controller.AppController : Author list menu item clicked
01:23:30.160 INFO  controller.AuthorListController : Fred clicked
01:23:32.981 INFO  controller.AuthorDetailController : Model's name is Fred
01:23:32.982 INFO  controller.AuthorDetailController : Saved
01:23:35.814 INFO  controller.AppController : Author list menu item clicked
01:23:36.636 INFO  controller.AuthorListController : Fred clicked
01:23:37.577 INFO  assignment2.Launcher : Closing connection...
01:25:58.500 INFO  assignment2.Launcher : Creating connection...
01:26:00.619 INFO  controller.AppController : Author list menu item clicked
01:26:01.778 INFO  controller.AuthorListController : Mary clicked
01:26:06.268 INFO  controller.AuthorDetailController : Model's name is Mary
01:26:11.174 INFO  controller.AppController : Author list menu item clicked
01:26:12.265 INFO  controller.AuthorListController : Mary clicked
01:26:14.630 INFO  assignment2.Launcher : Closing connection...
01:26:53.711 INFO  assignment2.Launcher : Creating connection...
01:26:55.919 INFO  controller.AppController : Author list menu item clicked
01:26:56.820 INFO  controller.AuthorListController : Mary clicked
01:26:59.436 INFO  controller.AuthorDetailController : Model's name is Mary
01:27:01.332 INFO  controller.AppController : Author list menu item clicked
01:27:02.280 INFO  controller.AuthorListController : Mary clicked
01:27:06.334 INFO  controller.AuthorDetailController : Model's name is Mary
01:27:07.010 INFO  controller.AuthorDetailController : Model's name is Mary
01:27:07.127 INFO  controller.AuthorDetailController : Model's name is Mary
01:27:07.258 INFO  controller.AuthorDetailController : Model's name is Mary
01:27:07.398 INFO  controller.AuthorDetailController : Model's name is Mary
01:27:10.729 INFO  controller.AppController : Author list menu item clicked
01:27:12.232 INFO  controller.AuthorListController : John clicked
01:27:13.441 INFO  controller.AppController : Author list menu item clicked
01:27:14.143 INFO  controller.AuthorListController : Mary clicked
01:27:14.962 INFO  assignment2.Launcher : Closing connection...
01:29:34.262 INFO  assignment2.Launcher : Creating connection...
01:29:36.366 INFO  controller.AppController : Author list menu item clicked
01:29:37.126 INFO  controller.AuthorListController : Mary clicked
01:29:38.130 INFO  controller.AuthorDetailController : Model's name is Mary
01:29:43.780 INFO  controller.AuthorDetailController : Model's name is Mary
01:29:45.745 INFO  controller.AppController : Author list menu item clicked
01:29:47.013 INFO  controller.AuthorListController : Mary clicked
01:29:48.258 INFO  assignment2.Launcher : Closing connection...
01:31:38.228 INFO  assignment2.Launcher : Creating connection...
01:31:39.905 INFO  assignment2.Launcher : Closing connection...
01:40:35.186 INFO  assignment2.Launcher : Creating connection...
01:40:37.281 INFO  controller.AppController : Author list menu item clicked
01:40:38.854 INFO  controller.AuthorListController : Fred clicked
01:40:43.006 INFO  controller.AuthorDetailController : Model's name is Fry
01:40:44.952 INFO  controller.AppController : Author list menu item clicked
01:40:49.488 INFO  assignment2.Launcher : Closing connection...
01:41:00.846 INFO  assignment2.Launcher : Creating connection...
01:41:02.833 INFO  controller.AppController : Author list menu item clicked
01:41:03.684 INFO  controller.AuthorListController : Mary clicked
01:41:07.122 INFO  controller.AuthorDetailController : Model's name is Mary
01:41:14.056 INFO  controller.AppController : Author list menu item clicked
01:41:15.441 INFO  controller.AuthorListController : Mary clicked
01:41:20.356 INFO  controller.AuthorDetailController : Model's name is Mary
01:41:37.990 INFO  assignment2.Launcher : Closing connection...
01:42:25.665 INFO  assignment2.Launcher : Creating connection...
01:42:27.977 INFO  controller.AppController : Author list menu item clicked
01:42:28.970 INFO  controller.AuthorListController : Mary clicked
01:42:32.066 INFO  controller.AuthorDetailController : Model's name is Mary
01:42:33.813 INFO  controller.AppController : Author list menu item clicked
01:42:34.536 INFO  controller.AuthorListController : Mary clicked
01:42:39.673 INFO  controller.AuthorDetailController : Model's name is Mary
01:42:41.767 INFO  controller.AppController : Author list menu item clicked
01:42:42.619 INFO  controller.AuthorListController : Mary clicked
01:42:43.657 INFO  assignment2.Launcher : Closing connection...
01:42:55.948 INFO  assignment2.Launcher : Creating connection...
01:42:58.180 INFO  controller.AppController : Author list menu item clicked
01:42:58.921 INFO  controller.AuthorListController : Fry clicked
01:43:01.798 INFO  controller.AppController : Author list menu item clicked
01:43:02.445 INFO  controller.AuthorListController : John clicked
01:43:03.567 INFO  assignment2.Launcher : Closing connection...
02:10:30.684 INFO  assignment2.Launcher : Creating connection...
02:10:33.026 INFO  controller.AppController : Author list menu item clicked
02:10:33.665 INFO  controller.AuthorListController : Fry clicked
02:10:39.055 INFO  controller.AuthorDetailController : Model's name is Fred
02:10:40.684 INFO  controller.AppController : Author list menu item clicked
02:10:41.545 INFO  assignment2.Launcher : Closing connection...
